[0.015s] Invoking command in '/home/jlukas/Desktop/My_Project/ldrobot_lidar_ros2/build/ldlidar_component': CMAKE_PREFIX_PATH=${CMAKE_PREFIX_PATH}:/home/jlukas/Desktop/My_Project/joshnewans/bumperbot_ws/install/bumperbot_bringup:/opt/ros/humble /usr/bin/cmake /home/jlukas/Desktop/My_Project/ldrobot_lidar_ros2/src/ldrobot-lidar-ros2/ldlidar_component -DCMAKE_INSTALL_PREFIX=/home/jlukas/Desktop/My_Project/ldrobot_lidar_ros2/install/ldlidar_component
[0.102s] -- The C compiler identification is GNU 11.4.0
[0.219s] -- The CXX compiler identification is GNU 11.4.0
[0.231s] -- Detecting C compiler ABI info
[0.398s] -- Detecting C compiler ABI info - done
[0.413s] -- Check for working C compiler: /usr/bin/cc - skipped
[0.413s] -- Detecting C compile features
[0.414s] -- Detecting C compile features - done
[0.418s] -- Detecting CXX compiler ABI info
[0.566s] -- Detecting CXX compiler ABI info - done
[0.580s] -- Check for working CXX compiler: /usr/bin/c++ - skipped
[0.580s] -- Detecting CXX compile features
[0.581s] -- Detecting CXX compile features - done
[0.582s] --  * Release Mode
[0.582s] -- * Found ROS2 humble
[0.582s] -- * ROS2 humble is officially supported by this package.
[0.585s] -- Found ament_cmake: 1.3.10 (/opt/ros/humble/share/ament_cmake/cmake)
[0.816s] -- Found Python3: /usr/bin/python3 (found version "3.10.12") found components: Interpreter 
[0.957s] -- Found rclcpp_lifecycle: 16.0.10 (/opt/ros/humble/share/rclcpp_lifecycle/cmake)
[1.029s] -- Found rosidl_generator_c: 3.1.5 (/opt/ros/humble/share/rosidl_generator_c/cmake)
[1.039s] -- Found rosidl_adapter: 3.1.5 (/opt/ros/humble/share/rosidl_adapter/cmake)
[1.052s] -- Found rosidl_generator_cpp: 3.1.5 (/opt/ros/humble/share/rosidl_generator_cpp/cmake)
[1.073s] -- Using all available rosidl_typesupport_c: rosidl_typesupport_fastrtps_c;rosidl_typesupport_introspection_c
[1.099s] -- Using all available rosidl_typesupport_cpp: rosidl_typesupport_fastrtps_cpp;rosidl_typesupport_introspection_cpp
[1.171s] -- Found rmw_implementation_cmake: 6.1.2 (/opt/ros/humble/share/rmw_implementation_cmake/cmake)
[1.177s] -- Found rmw_cyclonedds_cpp: 1.3.4 (/opt/ros/humble/share/rmw_cyclonedds_cpp/cmake)
[1.213s] -- Using RMW implementation 'rmw_cyclonedds_cpp' as default
[1.227s] -- Looking for pthread.h
[1.332s] -- Looking for pthread.h - found
[1.332s] -- Performing Test CMAKE_HAVE_LIBC_PTHREAD
[1.438s] -- Performing Test CMAKE_HAVE_LIBC_PTHREAD - Success
[1.440s] -- Found Threads: TRUE  
[1.554s] -- Found rclcpp_components: 16.0.10 (/opt/ros/humble/share/rclcpp_components/cmake)
[1.600s] -- Found nav2_util: 1.1.16 (/opt/ros/humble/share/nav2_util/cmake)
[1.824s] -- Found eigen3_cmake_module: 0.1.1 (/opt/ros/humble/share/eigen3_cmake_module/cmake)
[1.826s] -- Found Eigen3: TRUE (found version "3.4.0") 
[1.826s] -- Ensuring Eigen3 include directory is part of orocos-kdl CMake target
[1.875s] -- Found sensor_msgs: 4.2.4 (/opt/ros/humble/share/sensor_msgs/cmake)
[1.899s] -- Found diagnostic_msgs: 4.2.4 (/opt/ros/humble/share/diagnostic_msgs/cmake)
[1.917s] -- Found diagnostic_updater: 4.0.0 (/opt/ros/humble/share/diagnostic_updater/cmake)
[1.964s] -- Found ament_lint_auto: 0.12.11 (/opt/ros/humble/share/ament_lint_auto/cmake)
[2.089s] -- Added test 'copyright' to check source files copyright and LICENSE
[2.095s] -- Added test 'cppcheck' to perform static code analysis on C / C++ code
[2.096s] -- Configured cppcheck include dirs: /home/jlukas/Desktop/My_Project/ldrobot_lidar_ros2/src/ldrobot-lidar-ros2/ldlidar_component/include;/home/jlukas/Desktop/My_Project/ldrobot_lidar_ros2/src/ldrobot-lidar-ros2/ldlidar_component/tools/include;/home/jlukas/Desktop/My_Project/ldrobot_lidar_ros2/src/ldrobot-lidar-ros2/ldlidar_component/component/include;/home/jlukas/Desktop/My_Project/ldrobot_lidar_ros2/src/ldrobot-lidar-ros2/ldlidar_component/ldlidar_driver/include/core;/home/jlukas/Desktop/My_Project/ldrobot_lidar_ros2/src/ldrobot-lidar-ros2/ldlidar_component/ldlidar_driver/include/dataprocess;/home/jlukas/Desktop/My_Project/ldrobot_lidar_ros2/src/ldrobot-lidar-ros2/ldlidar_component/ldlidar_driver/include/filter;/home/jlukas/Desktop/My_Project/ldrobot_lidar_ros2/src/ldrobot-lidar-ros2/ldlidar_component/ldlidar_driver/include/logger;/home/jlukas/Desktop/My_Project/ldrobot_lidar_ros2/src/ldrobot-lidar-ros2/ldlidar_component/ldlidar_driver/include/networkcom;/home/jlukas/Desktop/My_Project/ldrobot_lidar_ros2/src/ldrobot-lidar-ros2/ldlidar_component/ldlidar_driver/include/serialcom
[2.096s] -- Configured cppcheck exclude dirs and/or files: 
[2.100s] -- Added test 'cpplint' to check C / C++ code against the Google style
[2.100s] -- Configured cpplint exclude dirs and/or files: 
[2.102s] -- Added test 'lint_cmake' to check CMake code style
[2.108s] -- Added test 'uncrustify' to check C / C++ code style
[2.108s] -- Configured uncrustify additional arguments: 
[2.109s] -- Added test 'xmllint' to check XML markup files
[2.113s] -- Added test 'clang_format' to check C / C++ code style
[2.117s] -- Configuring done
[2.186s] -- Generating done
[2.192s] -- Build files have been written to: /home/jlukas/Desktop/My_Project/ldrobot_lidar_ros2/build/ldlidar_component
[2.242s] Invoked command in '/home/jlukas/Desktop/My_Project/ldrobot_lidar_ros2/build/ldlidar_component' returned '0': CMAKE_PREFIX_PATH=${CMAKE_PREFIX_PATH}:/home/jlukas/Desktop/My_Project/joshnewans/bumperbot_ws/install/bumperbot_bringup:/opt/ros/humble /usr/bin/cmake /home/jlukas/Desktop/My_Project/ldrobot_lidar_ros2/src/ldrobot-lidar-ros2/ldlidar_component -DCMAKE_INSTALL_PREFIX=/home/jlukas/Desktop/My_Project/ldrobot_lidar_ros2/install/ldlidar_component
[2.244s] Invoking command in '/home/jlukas/Desktop/My_Project/ldrobot_lidar_ros2/build/ldlidar_component': CMAKE_PREFIX_PATH=${CMAKE_PREFIX_PATH}:/home/jlukas/Desktop/My_Project/joshnewans/bumperbot_ws/install/bumperbot_bringup:/opt/ros/humble /usr/bin/cmake --build /home/jlukas/Desktop/My_Project/ldrobot_lidar_ros2/build/ldlidar_component -- -j4 -l4
[2.428s] [ 10%] [32mBuilding CXX object ldlidar_driver/CMakeFiles/ldlidar.dir/src/dataprocess/lipkg.cpp.o[0m
[2.438s] [ 20%] [32mBuilding CXX object ldlidar_driver/CMakeFiles/ldlidar.dir/src/core/ldlidar_driver.cpp.o[0m
[2.442s] [ 30%] [32mBuilding CXX object ldlidar_driver/CMakeFiles/ldlidar.dir/src/filter/tofbf.cpp.o[0m
[2.443s] [ 40%] [32mBuilding CXX object ldlidar_driver/CMakeFiles/ldlidar.dir/src/logger/log_module.cpp.o[0m
[3.828s] [ 50%] [32mBuilding CXX object ldlidar_driver/CMakeFiles/ldlidar.dir/src/networkcom/network_socket_interface_linux.cpp.o[0m
[4.460s] [ 60%] [32mBuilding CXX object ldlidar_driver/CMakeFiles/ldlidar.dir/src/serialcom/serial_interface_linux.cpp.o[0m
[5.418s] [ 70%] [32m[1mLinking CXX static library libldlidar.a[0m
[5.470s] [ 70%] Built target ldlidar
[5.502s] [ 90%] [32mBuilding CXX object CMakeFiles/ldlidar_component.dir/component/src/ldlidar_component.cpp.o[0m
[5.502s] [ 90%] [32mBuilding CXX object CMakeFiles/ldlidar_component.dir/tools/src/ldlidar_tools.cpp.o[0m
[20.323s] [100%] [32m[1mLinking CXX shared library libldlidar_component.so[0m
[20.676s] [100%] Built target ldlidar_component
[21.161s] Invoked command in '/home/jlukas/Desktop/My_Project/ldrobot_lidar_ros2/build/ldlidar_component' returned '0': CMAKE_PREFIX_PATH=${CMAKE_PREFIX_PATH}:/home/jlukas/Desktop/My_Project/joshnewans/bumperbot_ws/install/bumperbot_bringup:/opt/ros/humble /usr/bin/cmake --build /home/jlukas/Desktop/My_Project/ldrobot_lidar_ros2/build/ldlidar_component -- -j4 -l4
[21.221s] Invoking command in '/home/jlukas/Desktop/My_Project/ldrobot_lidar_ros2/build/ldlidar_component': CMAKE_PREFIX_PATH=${CMAKE_PREFIX_PATH}:/home/jlukas/Desktop/My_Project/joshnewans/bumperbot_ws/install/bumperbot_bringup:/opt/ros/humble /usr/bin/cmake --install /home/jlukas/Desktop/My_Project/ldrobot_lidar_ros2/build/ldlidar_component
[21.232s] -- Install configuration: "Release"
[21.232s] -- Installing: /home/jlukas/Desktop/My_Project/ldrobot_lidar_ros2/install/ldlidar_component/lib/libldlidar_component.so
[21.236s] -- Set runtime path of "/home/jlukas/Desktop/My_Project/ldrobot_lidar_ros2/install/ldlidar_component/lib/libldlidar_component.so" to ""
[21.236s] -- Installing: /home/jlukas/Desktop/My_Project/ldrobot_lidar_ros2/install/ldlidar_component/include/ldlidar_component/
[21.237s] -- Installing: /home/jlukas/Desktop/My_Project/ldrobot_lidar_ros2/install/ldlidar_component/include/ldlidar_component//ldlidar_component.hpp
[21.237s] -- Installing: /home/jlukas/Desktop/My_Project/ldrobot_lidar_ros2/install/ldlidar_component/include/ldlidar_component//defines.hpp
[21.238s] -- Up-to-date: /home/jlukas/Desktop/My_Project/ldrobot_lidar_ros2/install/ldlidar_component/include/ldlidar_component/
[21.238s] -- Installing: /home/jlukas/Desktop/My_Project/ldrobot_lidar_ros2/install/ldlidar_component/include/ldlidar_component//ldlidar_tools.hpp
[21.239s] -- Up-to-date: /home/jlukas/Desktop/My_Project/ldrobot_lidar_ros2/install/ldlidar_component/include/ldlidar_component/
[21.239s] -- Installing: /home/jlukas/Desktop/My_Project/ldrobot_lidar_ros2/install/ldlidar_component/include/ldlidar_component//visibility_control.hpp
[21.239s] -- Up-to-date: /home/jlukas/Desktop/My_Project/ldrobot_lidar_ros2/install/ldlidar_component/include/ldlidar_component/
[21.239s] -- Installing: /home/jlukas/Desktop/My_Project/ldrobot_lidar_ros2/install/ldlidar_component/include/ldlidar_component//ldlidar_datatype.h
[21.239s] -- Installing: /home/jlukas/Desktop/My_Project/ldrobot_lidar_ros2/install/ldlidar_component/include/ldlidar_component//ldlidar_driver.h
[21.240s] -- Up-to-date: /home/jlukas/Desktop/My_Project/ldrobot_lidar_ros2/install/ldlidar_component/include/ldlidar_component/
[21.240s] -- Installing: /home/jlukas/Desktop/My_Project/ldrobot_lidar_ros2/install/ldlidar_component/include/ldlidar_component//lipkg.h
[21.240s] -- Up-to-date: /home/jlukas/Desktop/My_Project/ldrobot_lidar_ros2/install/ldlidar_component/include/ldlidar_component/
[21.240s] -- Installing: /home/jlukas/Desktop/My_Project/ldrobot_lidar_ros2/install/ldlidar_component/include/ldlidar_component//tofbf.h
[21.240s] -- Up-to-date: /home/jlukas/Desktop/My_Project/ldrobot_lidar_ros2/install/ldlidar_component/include/ldlidar_component/
[21.240s] -- Installing: /home/jlukas/Desktop/My_Project/ldrobot_lidar_ros2/install/ldlidar_component/include/ldlidar_component//log_module.h
[21.241s] -- Up-to-date: /home/jlukas/Desktop/My_Project/ldrobot_lidar_ros2/install/ldlidar_component/include/ldlidar_component/
[21.241s] -- Installing: /home/jlukas/Desktop/My_Project/ldrobot_lidar_ros2/install/ldlidar_component/include/ldlidar_component//network_socket_interface_linux.h
[21.241s] -- Up-to-date: /home/jlukas/Desktop/My_Project/ldrobot_lidar_ros2/install/ldlidar_component/include/ldlidar_component/
[21.241s] -- Installing: /home/jlukas/Desktop/My_Project/ldrobot_lidar_ros2/install/ldlidar_component/include/ldlidar_component//serial_interface_linux.h
[21.241s] -- Installing: /home/jlukas/Desktop/My_Project/ldrobot_lidar_ros2/install/ldlidar_component/share/ldlidar_component/environment/library_path.sh
[21.241s] -- Installing: /home/jlukas/Desktop/My_Project/ldrobot_lidar_ros2/install/ldlidar_component/share/ldlidar_component/environment/library_path.dsv
[21.241s] -- Installing: /home/jlukas/Desktop/My_Project/ldrobot_lidar_ros2/install/ldlidar_component/share/ament_index/resource_index/package_run_dependencies/ldlidar_component
[21.241s] -- Installing: /home/jlukas/Desktop/My_Project/ldrobot_lidar_ros2/install/ldlidar_component/share/ament_index/resource_index/parent_prefix_path/ldlidar_component
[21.242s] -- Installing: /home/jlukas/Desktop/My_Project/ldrobot_lidar_ros2/install/ldlidar_component/share/ldlidar_component/environment/ament_prefix_path.sh
[21.242s] -- Installing: /home/jlukas/Desktop/My_Project/ldrobot_lidar_ros2/install/ldlidar_component/share/ldlidar_component/environment/ament_prefix_path.dsv
[21.242s] -- Installing: /home/jlukas/Desktop/My_Project/ldrobot_lidar_ros2/install/ldlidar_component/share/ldlidar_component/environment/path.sh
[21.242s] -- Installing: /home/jlukas/Desktop/My_Project/ldrobot_lidar_ros2/install/ldlidar_component/share/ldlidar_component/environment/path.dsv
[21.242s] -- Installing: /home/jlukas/Desktop/My_Project/ldrobot_lidar_ros2/install/ldlidar_component/share/ldlidar_component/local_setup.bash
[21.242s] -- Installing: /home/jlukas/Desktop/My_Project/ldrobot_lidar_ros2/install/ldlidar_component/share/ldlidar_component/local_setup.sh
[21.243s] -- Installing: /home/jlukas/Desktop/My_Project/ldrobot_lidar_ros2/install/ldlidar_component/share/ldlidar_component/local_setup.zsh
[21.243s] -- Installing: /home/jlukas/Desktop/My_Project/ldrobot_lidar_ros2/install/ldlidar_component/share/ldlidar_component/local_setup.dsv
[21.243s] -- Installing: /home/jlukas/Desktop/My_Project/ldrobot_lidar_ros2/install/ldlidar_component/share/ldlidar_component/package.dsv
[21.243s] -- Installing: /home/jlukas/Desktop/My_Project/ldrobot_lidar_ros2/install/ldlidar_component/share/ament_index/resource_index/packages/ldlidar_component
[21.243s] -- Installing: /home/jlukas/Desktop/My_Project/ldrobot_lidar_ros2/install/ldlidar_component/share/ament_index/resource_index/rclcpp_components/ldlidar_component
[21.243s] -- Installing: /home/jlukas/Desktop/My_Project/ldrobot_lidar_ros2/install/ldlidar_component/share/ldlidar_component/cmake/ament_cmake_export_include_directories-extras.cmake
[21.243s] -- Installing: /home/jlukas/Desktop/My_Project/ldrobot_lidar_ros2/install/ldlidar_component/share/ldlidar_component/cmake/ament_cmake_export_libraries-extras.cmake
[21.244s] -- Installing: /home/jlukas/Desktop/My_Project/ldrobot_lidar_ros2/install/ldlidar_component/share/ldlidar_component/cmake/ament_cmake_export_dependencies-extras.cmake
[21.244s] -- Installing: /home/jlukas/Desktop/My_Project/ldrobot_lidar_ros2/install/ldlidar_component/share/ldlidar_component/cmake/ldlidar_componentConfig.cmake
[21.244s] -- Installing: /home/jlukas/Desktop/My_Project/ldrobot_lidar_ros2/install/ldlidar_component/share/ldlidar_component/cmake/ldlidar_componentConfig-version.cmake
[21.244s] -- Installing: /home/jlukas/Desktop/My_Project/ldrobot_lidar_ros2/install/ldlidar_component/share/ldlidar_component/package.xml
[21.248s] Invoked command in '/home/jlukas/Desktop/My_Project/ldrobot_lidar_ros2/build/ldlidar_component' returned '0': CMAKE_PREFIX_PATH=${CMAKE_PREFIX_PATH}:/home/jlukas/Desktop/My_Project/joshnewans/bumperbot_ws/install/bumperbot_bringup:/opt/ros/humble /usr/bin/cmake --install /home/jlukas/Desktop/My_Project/ldrobot_lidar_ros2/build/ldlidar_component
