[0.017s] Invoking command in '/home/jlukas/Desktop/My_Project/ldrobot_lidar_ros2/build/ldlidar_node': CMAKE_PREFIX_PATH=/home/jlukas/Desktop/My_Project/ldrobot_lidar_ros2/install/ldlidar_component:/home/jlukas/Desktop/My_Project/joshnewans/bumperbot_ws/install/serial:/home/jlukas/Desktop/My_Project/joshnewans/bumperbot_ws/install/diffdrive_arduino:/home/jlukas/Desktop/My_Project/rplidar_ros/install/rplidar_ros:/home/jlukas/Desktop/My_Project/ldrobot_lidar_ros2/install/ldlidar:/home/jlukas/Desktop/My_Project/ldrobot_lidar_ros2/install/ldlidar_node:/home/jlukas/Desktop/My_Project/joshnewans/bumperbot_ws/install/bumperbot_bringup:/opt/ros/humble LD_LIBRARY_PATH=/home/jlukas/Desktop/My_Project/ldrobot_lidar_ros2/install/ldlidar_component/lib:/home/jlukas/Desktop/My_Project/joshnewans/bumperbot_ws/install/serial/lib:/home/jlukas/Desktop/My_Project/joshnewans/bumperbot_ws/install/diffdrive_arduino/lib:/usr/lib/x86_64-linux-gnu/gazebo-11/plugins:/opt/ros/humble/opt/rviz_ogre_vendor/lib:/opt/ros/humble/lib/x86_64-linux-gnu:/opt/ros/humble/lib /usr/bin/cmake /home/jlukas/Desktop/My_Project/ldrobot_lidar_ros2/src/ldrobot-lidar-ros2/ldlidar_node -DCMAKE_INSTALL_PREFIX=/home/jlukas/Desktop/My_Project/ldrobot_lidar_ros2/install/ldlidar_node
[0.110s] -- The C compiler identification is GNU 11.4.0
[0.210s] -- The CXX compiler identification is GNU 11.4.0
[0.221s] -- Detecting C compiler ABI info
[0.374s] -- Detecting C compiler ABI info - done
[0.384s] -- Check for working C compiler: /usr/bin/cc - skipped
[0.384s] -- Detecting C compile features
[0.385s] -- Detecting C compile features - done
[0.388s] -- Detecting CXX compiler ABI info
[0.502s] -- Detecting CXX compiler ABI info - done
[0.512s] -- Check for working CXX compiler: /usr/bin/c++ - skipped
[0.512s] -- Detecting CXX compile features
[0.513s] -- Detecting CXX compile features - done
[0.514s] --  * Release Mode
[0.514s] -- * Found ROS2 humble
[0.514s] -- * ROS2 humble is officially supported by this package.
[0.517s] -- Found ament_cmake: 1.3.10 (/opt/ros/humble/share/ament_cmake/cmake)
[0.721s] -- Found Python3: /usr/bin/python3 (found version "3.10.12") found components: Interpreter 
[0.849s] -- Found rclcpp: 16.0.10 (/opt/ros/humble/share/rclcpp/cmake)
[0.917s] -- Found rosidl_generator_c: 3.1.5 (/opt/ros/humble/share/rosidl_generator_c/cmake)
[0.925s] -- Found rosidl_adapter: 3.1.5 (/opt/ros/humble/share/rosidl_adapter/cmake)
[0.938s] -- Found rosidl_generator_cpp: 3.1.5 (/opt/ros/humble/share/rosidl_generator_cpp/cmake)
[0.956s] -- Using all available rosidl_typesupport_c: rosidl_typesupport_fastrtps_c;rosidl_typesupport_introspection_c
[0.983s] -- Using all available rosidl_typesupport_cpp: rosidl_typesupport_fastrtps_cpp;rosidl_typesupport_introspection_cpp
[1.057s] -- Found rmw_implementation_cmake: 6.1.2 (/opt/ros/humble/share/rmw_implementation_cmake/cmake)
[1.064s] -- Found rmw_cyclonedds_cpp: 1.3.4 (/opt/ros/humble/share/rmw_cyclonedds_cpp/cmake)
[1.102s] -- Using RMW implementation 'rmw_cyclonedds_cpp' as default
[1.117s] -- Looking for pthread.h
[1.217s] -- Looking for pthread.h - found
[1.218s] -- Performing Test CMAKE_HAVE_LIBC_PTHREAD
[1.320s] -- Performing Test CMAKE_HAVE_LIBC_PTHREAD - Success
[1.321s] -- Found Threads: TRUE  
[1.397s] -- Found rclcpp_components: 16.0.10 (/opt/ros/humble/share/rclcpp_components/cmake)
[1.436s] -- Found rclcpp_lifecycle: 16.0.10 (/opt/ros/humble/share/rclcpp_lifecycle/cmake)
[1.464s] -- Found ldlidar_component: 0.2.0 (/home/jlukas/Desktop/My_Project/ldrobot_lidar_ros2/install/ldlidar_component/share/ldlidar_component/cmake)
[1.740s] -- Found eigen3_cmake_module: 0.1.1 (/opt/ros/humble/share/eigen3_cmake_module/cmake)
[1.742s] -- Found Eigen3: TRUE (found version "3.4.0") 
[1.742s] -- Ensuring Eigen3 include directory is part of orocos-kdl CMake target
[1.869s] -- Found ament_lint_auto: 0.12.11 (/opt/ros/humble/share/ament_lint_auto/cmake)
[2.232s] -- Found python_cmake_module: 0.10.0 (/opt/ros/humble/share/python_cmake_module/cmake)
[2.272s] -- Found PythonInterp: /usr/bin/python3 (found suitable version "3.10.12", minimum required is "3.6") 
[2.280s] -- Found PythonLibs: /usr/lib/x86_64-linux-gnu/libpython3.10.so (found suitable version "3.10.12", minimum required is "3.5") 
[2.280s] -- Using PYTHON_EXECUTABLE: /usr/bin/python3
[2.281s] -- Using PYTHON_INCLUDE_DIRS: /usr/include/python3.10
[2.281s] -- Using PYTHON_LIBRARIES: /usr/lib/x86_64-linux-gnu/libpython3.10.so
[2.317s] -- Found PythonExtra: .so  
[2.323s] -- Added test 'copyright' to check source files copyright and LICENSE
[2.327s] -- Added test 'cppcheck' to perform static code analysis on C / C++ code
[2.327s] -- Configured cppcheck include dirs: 
[2.327s] -- Configured cppcheck exclude dirs and/or files: 
[2.330s] -- Added test 'cpplint' to check C / C++ code against the Google style
[2.330s] -- Configured cpplint exclude dirs and/or files: 
[2.331s] -- Added test 'flake8' to check Python code syntax and style conventions
[2.333s] -- Added test 'lint_cmake' to check CMake code style
[2.334s] -- Added test 'pep257' to check Python code against some of the docstring style conventions in PEP 257
[2.338s] -- Added test 'uncrustify' to check C / C++ code style
[2.338s] -- Configured uncrustify additional arguments: 
[2.340s] -- Added test 'xmllint' to check XML markup files
[2.343s] -- Configuring done
[2.408s] -- Generating done
[2.410s] -- Build files have been written to: /home/jlukas/Desktop/My_Project/ldrobot_lidar_ros2/build/ldlidar_node
[2.426s] Invoked command in '/home/jlukas/Desktop/My_Project/ldrobot_lidar_ros2/build/ldlidar_node' returned '0': CMAKE_PREFIX_PATH=/home/jlukas/Desktop/My_Project/ldrobot_lidar_ros2/install/ldlidar_component:/home/jlukas/Desktop/My_Project/joshnewans/bumperbot_ws/install/serial:/home/jlukas/Desktop/My_Project/joshnewans/bumperbot_ws/install/diffdrive_arduino:/home/jlukas/Desktop/My_Project/rplidar_ros/install/rplidar_ros:/home/jlukas/Desktop/My_Project/ldrobot_lidar_ros2/install/ldlidar:/home/jlukas/Desktop/My_Project/ldrobot_lidar_ros2/install/ldlidar_node:/home/jlukas/Desktop/My_Project/joshnewans/bumperbot_ws/install/bumperbot_bringup:/opt/ros/humble LD_LIBRARY_PATH=/home/jlukas/Desktop/My_Project/ldrobot_lidar_ros2/install/ldlidar_component/lib:/home/jlukas/Desktop/My_Project/joshnewans/bumperbot_ws/install/serial/lib:/home/jlukas/Desktop/My_Project/joshnewans/bumperbot_ws/install/diffdrive_arduino/lib:/usr/lib/x86_64-linux-gnu/gazebo-11/plugins:/opt/ros/humble/opt/rviz_ogre_vendor/lib:/opt/ros/humble/lib/x86_64-linux-gnu:/opt/ros/humble/lib /usr/bin/cmake /home/jlukas/Desktop/My_Project/ldrobot_lidar_ros2/src/ldrobot-lidar-ros2/ldlidar_node -DCMAKE_INSTALL_PREFIX=/home/jlukas/Desktop/My_Project/ldrobot_lidar_ros2/install/ldlidar_node
[2.429s] Invoking command in '/home/jlukas/Desktop/My_Project/ldrobot_lidar_ros2/build/ldlidar_node': CMAKE_PREFIX_PATH=/home/jlukas/Desktop/My_Project/ldrobot_lidar_ros2/install/ldlidar_component:/home/jlukas/Desktop/My_Project/joshnewans/bumperbot_ws/install/serial:/home/jlukas/Desktop/My_Project/joshnewans/bumperbot_ws/install/diffdrive_arduino:/home/jlukas/Desktop/My_Project/rplidar_ros/install/rplidar_ros:/home/jlukas/Desktop/My_Project/ldrobot_lidar_ros2/install/ldlidar:/home/jlukas/Desktop/My_Project/ldrobot_lidar_ros2/install/ldlidar_node:/home/jlukas/Desktop/My_Project/joshnewans/bumperbot_ws/install/bumperbot_bringup:/opt/ros/humble LD_LIBRARY_PATH=/home/jlukas/Desktop/My_Project/ldrobot_lidar_ros2/install/ldlidar_component/lib:/home/jlukas/Desktop/My_Project/joshnewans/bumperbot_ws/install/serial/lib:/home/jlukas/Desktop/My_Project/joshnewans/bumperbot_ws/install/diffdrive_arduino/lib:/usr/lib/x86_64-linux-gnu/gazebo-11/plugins:/opt/ros/humble/opt/rviz_ogre_vendor/lib:/opt/ros/humble/lib/x86_64-linux-gnu:/opt/ros/humble/lib /usr/bin/cmake --build /home/jlukas/Desktop/My_Project/ldrobot_lidar_ros2/build/ldlidar_node -- -j4 -l4
[2.507s] [ 50%] [32mBuilding CXX object CMakeFiles/ldlidar_node.dir/src/ldlidar_container_node.cpp.o[0m
[7.798s] [100%] [32m[1mLinking CXX executable ldlidar_node[0m
[8.060s] [100%] Built target ldlidar_node
[8.075s] Invoked command in '/home/jlukas/Desktop/My_Project/ldrobot_lidar_ros2/build/ldlidar_node' returned '0': CMAKE_PREFIX_PATH=/home/jlukas/Desktop/My_Project/ldrobot_lidar_ros2/install/ldlidar_component:/home/jlukas/Desktop/My_Project/joshnewans/bumperbot_ws/install/serial:/home/jlukas/Desktop/My_Project/joshnewans/bumperbot_ws/install/diffdrive_arduino:/home/jlukas/Desktop/My_Project/rplidar_ros/install/rplidar_ros:/home/jlukas/Desktop/My_Project/ldrobot_lidar_ros2/install/ldlidar:/home/jlukas/Desktop/My_Project/ldrobot_lidar_ros2/install/ldlidar_node:/home/jlukas/Desktop/My_Project/joshnewans/bumperbot_ws/install/bumperbot_bringup:/opt/ros/humble LD_LIBRARY_PATH=/home/jlukas/Desktop/My_Project/ldrobot_lidar_ros2/install/ldlidar_component/lib:/home/jlukas/Desktop/My_Project/joshnewans/bumperbot_ws/install/serial/lib:/home/jlukas/Desktop/My_Project/joshnewans/bumperbot_ws/install/diffdrive_arduino/lib:/usr/lib/x86_64-linux-gnu/gazebo-11/plugins:/opt/ros/humble/opt/rviz_ogre_vendor/lib:/opt/ros/humble/lib/x86_64-linux-gnu:/opt/ros/humble/lib /usr/bin/cmake --build /home/jlukas/Desktop/My_Project/ldrobot_lidar_ros2/build/ldlidar_node -- -j4 -l4
[8.114s] Invoking command in '/home/jlukas/Desktop/My_Project/ldrobot_lidar_ros2/build/ldlidar_node': CMAKE_PREFIX_PATH=/home/jlukas/Desktop/My_Project/ldrobot_lidar_ros2/install/ldlidar_component:/home/jlukas/Desktop/My_Project/joshnewans/bumperbot_ws/install/serial:/home/jlukas/Desktop/My_Project/joshnewans/bumperbot_ws/install/diffdrive_arduino:/home/jlukas/Desktop/My_Project/rplidar_ros/install/rplidar_ros:/home/jlukas/Desktop/My_Project/ldrobot_lidar_ros2/install/ldlidar:/home/jlukas/Desktop/My_Project/ldrobot_lidar_ros2/install/ldlidar_node:/home/jlukas/Desktop/My_Project/joshnewans/bumperbot_ws/install/bumperbot_bringup:/opt/ros/humble LD_LIBRARY_PATH=/home/jlukas/Desktop/My_Project/ldrobot_lidar_ros2/install/ldlidar_component/lib:/home/jlukas/Desktop/My_Project/joshnewans/bumperbot_ws/install/serial/lib:/home/jlukas/Desktop/My_Project/joshnewans/bumperbot_ws/install/diffdrive_arduino/lib:/usr/lib/x86_64-linux-gnu/gazebo-11/plugins:/opt/ros/humble/opt/rviz_ogre_vendor/lib:/opt/ros/humble/lib/x86_64-linux-gnu:/opt/ros/humble/lib /usr/bin/cmake --install /home/jlukas/Desktop/My_Project/ldrobot_lidar_ros2/build/ldlidar_node
[8.124s] -- Install configuration: "Release"
[8.124s] -- Installing: /home/jlukas/Desktop/My_Project/ldrobot_lidar_ros2/install/ldlidar_node/lib/ldlidar_node/ldlidar_node
[8.125s] -- Set runtime path of "/home/jlukas/Desktop/My_Project/ldrobot_lidar_ros2/install/ldlidar_node/lib/ldlidar_node/ldlidar_node" to ""
[8.125s] -- Installing: /home/jlukas/Desktop/My_Project/ldrobot_lidar_ros2/install/ldlidar_node/share/ldlidar_node/params
[8.125s] -- Installing: /home/jlukas/Desktop/My_Project/ldrobot_lidar_ros2/install/ldlidar_node/share/ldlidar_node/params/lifecycle_mgr.yaml
[8.125s] -- Installing: /home/jlukas/Desktop/My_Project/ldrobot_lidar_ros2/install/ldlidar_node/share/ldlidar_node/params/lifecycle_mgr_slam.yaml
[8.125s] -- Installing: /home/jlukas/Desktop/My_Project/ldrobot_lidar_ros2/install/ldlidar_node/share/ldlidar_node/params/ldlidar.yaml
[8.126s] -- Installing: /home/jlukas/Desktop/My_Project/ldrobot_lidar_ros2/install/ldlidar_node/share/ldlidar_node/params/slam_toolbox.yaml
[8.126s] -- Installing: /home/jlukas/Desktop/My_Project/ldrobot_lidar_ros2/install/ldlidar_node/share/ldlidar_node/config
[8.126s] -- Installing: /home/jlukas/Desktop/My_Project/ldrobot_lidar_ros2/install/ldlidar_node/share/ldlidar_node/config/ldlidar.rviz
[8.126s] -- Installing: /home/jlukas/Desktop/My_Project/ldrobot_lidar_ros2/install/ldlidar_node/share/ldlidar_node/config/ldlidar_slam.rviz
[8.126s] -- Installing: /home/jlukas/Desktop/My_Project/ldrobot_lidar_ros2/install/ldlidar_node/share/ldlidar_node/urdf
[8.126s] -- Installing: /home/jlukas/Desktop/My_Project/ldrobot_lidar_ros2/install/ldlidar_node/share/ldlidar_node/urdf/model
[8.127s] -- Installing: /home/jlukas/Desktop/My_Project/ldrobot_lidar_ros2/install/ldlidar_node/share/ldlidar_node/urdf/model/LD19.stl
[8.130s] -- Installing: /home/jlukas/Desktop/My_Project/ldrobot_lidar_ros2/install/ldlidar_node/share/ldlidar_node/urdf/ldlidar_descr.urdf.xml
[8.131s] -- Installing: /home/jlukas/Desktop/My_Project/ldrobot_lidar_ros2/install/ldlidar_node/share/ldlidar_node/launch
[8.131s] -- Installing: /home/jlukas/Desktop/My_Project/ldrobot_lidar_ros2/install/ldlidar_node/share/ldlidar_node/launch/ldlidar_with_mgr.launch.py
[8.131s] -- Installing: /home/jlukas/Desktop/My_Project/ldrobot_lidar_ros2/install/ldlidar_node/share/ldlidar_node/launch/ldlidar_slam.launch.py
[8.131s] -- Installing: /home/jlukas/Desktop/My_Project/ldrobot_lidar_ros2/install/ldlidar_node/share/ldlidar_node/launch/ldlidar.launch.py
[8.132s] -- Installing: /home/jlukas/Desktop/My_Project/ldrobot_lidar_ros2/install/ldlidar_node/share/ldlidar_node/launch/slam_launch_tech.launch.py
[8.132s] -- Installing: /home/jlukas/Desktop/My_Project/ldrobot_lidar_ros2/install/ldlidar_node/share/ldlidar_node/launch/ldlidar_with_mgr_tech.launch.py
[8.132s] -- Installing: /home/jlukas/Desktop/My_Project/ldrobot_lidar_ros2/install/ldlidar_node/share/ldlidar_node/launch/ldlidar_rviz2.launch.py
[8.133s] -- Installing: /home/jlukas/Desktop/My_Project/ldrobot_lidar_ros2/install/ldlidar_node/share/ament_index/resource_index/package_run_dependencies/ldlidar_node
[8.133s] -- Installing: /home/jlukas/Desktop/My_Project/ldrobot_lidar_ros2/install/ldlidar_node/share/ament_index/resource_index/parent_prefix_path/ldlidar_node
[8.133s] -- Installing: /home/jlukas/Desktop/My_Project/ldrobot_lidar_ros2/install/ldlidar_node/share/ldlidar_node/environment/ament_prefix_path.sh
[8.133s] -- Installing: /home/jlukas/Desktop/My_Project/ldrobot_lidar_ros2/install/ldlidar_node/share/ldlidar_node/environment/ament_prefix_path.dsv
[8.133s] -- Installing: /home/jlukas/Desktop/My_Project/ldrobot_lidar_ros2/install/ldlidar_node/share/ldlidar_node/environment/path.sh
[8.134s] -- Installing: /home/jlukas/Desktop/My_Project/ldrobot_lidar_ros2/install/ldlidar_node/share/ldlidar_node/environment/path.dsv
[8.135s] -- Installing: /home/jlukas/Desktop/My_Project/ldrobot_lidar_ros2/install/ldlidar_node/share/ldlidar_node/local_setup.bash
[8.135s] -- Installing: /home/jlukas/Desktop/My_Project/ldrobot_lidar_ros2/install/ldlidar_node/share/ldlidar_node/local_setup.sh
[8.135s] -- Installing: /home/jlukas/Desktop/My_Project/ldrobot_lidar_ros2/install/ldlidar_node/share/ldlidar_node/local_setup.zsh
[8.136s] -- Installing: /home/jlukas/Desktop/My_Project/ldrobot_lidar_ros2/install/ldlidar_node/share/ldlidar_node/local_setup.dsv
[8.136s] -- Installing: /home/jlukas/Desktop/My_Project/ldrobot_lidar_ros2/install/ldlidar_node/share/ldlidar_node/package.dsv
[8.136s] -- Installing: /home/jlukas/Desktop/My_Project/ldrobot_lidar_ros2/install/ldlidar_node/share/ament_index/resource_index/packages/ldlidar_node
[8.136s] -- Installing: /home/jlukas/Desktop/My_Project/ldrobot_lidar_ros2/install/ldlidar_node/share/ldlidar_node/cmake/ldlidar_nodeConfig.cmake
[8.136s] -- Installing: /home/jlukas/Desktop/My_Project/ldrobot_lidar_ros2/install/ldlidar_node/share/ldlidar_node/cmake/ldlidar_nodeConfig-version.cmake
[8.137s] -- Installing: /home/jlukas/Desktop/My_Project/ldrobot_lidar_ros2/install/ldlidar_node/share/ldlidar_node/package.xml
[8.140s] Invoked command in '/home/jlukas/Desktop/My_Project/ldrobot_lidar_ros2/build/ldlidar_node' returned '0': CMAKE_PREFIX_PATH=/home/jlukas/Desktop/My_Project/ldrobot_lidar_ros2/install/ldlidar_component:/home/jlukas/Desktop/My_Project/joshnewans/bumperbot_ws/install/serial:/home/jlukas/Desktop/My_Project/joshnewans/bumperbot_ws/install/diffdrive_arduino:/home/jlukas/Desktop/My_Project/rplidar_ros/install/rplidar_ros:/home/jlukas/Desktop/My_Project/ldrobot_lidar_ros2/install/ldlidar:/home/jlukas/Desktop/My_Project/ldrobot_lidar_ros2/install/ldlidar_node:/home/jlukas/Desktop/My_Project/joshnewans/bumperbot_ws/install/bumperbot_bringup:/opt/ros/humble LD_LIBRARY_PATH=/home/jlukas/Desktop/My_Project/ldrobot_lidar_ros2/install/ldlidar_component/lib:/home/jlukas/Desktop/My_Project/joshnewans/bumperbot_ws/install/serial/lib:/home/jlukas/Desktop/My_Project/joshnewans/bumperbot_ws/install/diffdrive_arduino/lib:/usr/lib/x86_64-linux-gnu/gazebo-11/plugins:/opt/ros/humble/opt/rviz_ogre_vendor/lib:/opt/ros/humble/lib/x86_64-linux-gnu:/opt/ros/humble/lib /usr/bin/cmake --install /home/jlukas/Desktop/My_Project/ldrobot_lidar_ros2/build/ldlidar_node
