[0.723s] DEBUG:colcon:Command line arguments: ['/usr/bin/colcon', 'list', '-p', '--base-paths', '/home/jlukas/Desktop/My_Project/ldrobot_lidar_ros2']
[0.723s] DEBUG:colcon:Parsed command line arguments: Namespace(log_base=None, log_level=None, verb_name='list', build_base='build', ignore_user_meta=False, metas=['./colcon.meta'], base_paths=['/home/jlukas/Desktop/My_Project/ldrobot_lidar_ros2'], packages_ignore=None, packages_ignore_regex=None, paths=None, packages_up_to=None, packages_up_to_regex=None, packages_above=None, packages_above_and_dependencies=None, packages_above_depth=None, packages_select_by_dep=None, packages_skip_by_dep=None, packages_skip_up_to=None, packages_select_build_failed=False, packages_skip_build_finished=False, packages_select_test_failures=False, packages_skip_test_passed=False, packages_select=None, packages_skip=None, packages_select_regex=None, packages_skip_regex=None, packages_start=None, packages_end=None, allow_overriding=[], topological_order=False, names_only=False, paths_only=True, topological_graph=False, topological_graph_dot=False, topological_graph_density=False, topological_graph_legend=False, topological_graph_dot_cluster=False, topological_graph_dot_include_skipped=False, verb_parser=<colcon_defaults.argument_parser.defaults.DefaultArgumentsDecorator object at 0x7fdd5643ae90>, verb_extension=<colcon_package_information.verb.list.ListVerb object at 0x7fdd56439d50>, main=<bound method ListVerb.main of <colcon_package_information.verb.list.ListVerb object at 0x7fdd56439d50>>)
[1.760s] Level 1:colcon.colcon_core.package_discovery:discover_packages(colcon_meta) check parameters
[1.761s] Level 1:colcon.colcon_core.package_discovery:discover_packages(recursive) check parameters
[1.761s] Level 1:colcon.colcon_core.package_discovery:discover_packages(ignore) check parameters
[1.761s] Level 1:colcon.colcon_core.package_discovery:discover_packages(path) check parameters
[1.761s] Level 1:colcon.colcon_core.package_discovery:discover_packages(recursive) discover
[1.765s] INFO:colcon.colcon_core.package_discovery:Crawling recursively for packages in '/home/jlukas/Desktop/My_Project/ldrobot_lidar_ros2'
[1.765s] Level 1:colcon.colcon_core.package_identification:_identify(/home/jlukas/Desktop/My_Project/ldrobot_lidar_ros2) by extensions ['ignore', 'ignore_ament_install']
[1.766s] Level 1:colcon.colcon_core.package_identification:_identify(/home/jlukas/Desktop/My_Project/ldrobot_lidar_ros2) by extension 'ignore'
[1.766s] Level 1:colcon.colcon_core.package_identification:_identify(/home/jlukas/Desktop/My_Project/ldrobot_lidar_ros2) by extension 'ignore_ament_install'
[1.766s] Level 1:colcon.colcon_core.package_identification:_identify(/home/jlukas/Desktop/My_Project/ldrobot_lidar_ros2) by extensions ['colcon_pkg']
[1.766s] Level 1:colcon.colcon_core.package_identification:_identify(/home/jlukas/Desktop/My_Project/ldrobot_lidar_ros2) by extension 'colcon_pkg'
[1.766s] Level 1:colcon.colcon_core.package_identification:_identify(/home/jlukas/Desktop/My_Project/ldrobot_lidar_ros2) by extensions ['colcon_meta']
[1.766s] Level 1:colcon.colcon_core.package_identification:_identify(/home/jlukas/Desktop/My_Project/ldrobot_lidar_ros2) by extension 'colcon_meta'
[1.766s] Level 1:colcon.colcon_core.package_identification:_identify(/home/jlukas/Desktop/My_Project/ldrobot_lidar_ros2) by extensions ['ros']
[1.766s] Level 1:colcon.colcon_core.package_identification:_identify(/home/jlukas/Desktop/My_Project/ldrobot_lidar_ros2) by extension 'ros'
[1.848s] Level 1:colcon.colcon_core.package_identification:_identify(/home/jlukas/Desktop/My_Project/ldrobot_lidar_ros2) by extensions ['cmake', 'python']
[1.849s] Level 1:colcon.colcon_core.package_identification:_identify(/home/jlukas/Desktop/My_Project/ldrobot_lidar_ros2) by extension 'cmake'
[1.849s] Level 1:colcon.colcon_core.package_identification:_identify(/home/jlukas/Desktop/My_Project/ldrobot_lidar_ros2) by extension 'python'
[1.849s] Level 1:colcon.colcon_core.package_identification:_identify(/home/jlukas/Desktop/My_Project/ldrobot_lidar_ros2) by extensions ['python_setup_py']
[1.849s] Level 1:colcon.colcon_core.package_identification:_identify(/home/jlukas/Desktop/My_Project/ldrobot_lidar_ros2) by extension 'python_setup_py'
[1.849s] Level 1:colcon.colcon_core.package_identification:_identify(/home/jlukas/Desktop/My_Project/ldrobot_lidar_ros2/build) by extensions ['ignore', 'ignore_ament_install']
[1.850s] Level 1:colcon.colcon_core.package_identification:_identify(/home/jlukas/Desktop/My_Project/ldrobot_lidar_ros2/build) by extension 'ignore'
[1.850s] Level 1:colcon.colcon_core.package_identification:_identify(/home/jlukas/Desktop/My_Project/ldrobot_lidar_ros2/build) ignored
[1.850s] Level 1:colcon.colcon_core.package_identification:_identify(/home/jlukas/Desktop/My_Project/ldrobot_lidar_ros2/install) by extensions ['ignore', 'ignore_ament_install']
[1.853s] Level 1:colcon.colcon_core.package_identification:_identify(/home/jlukas/Desktop/My_Project/ldrobot_lidar_ros2/install) by extension 'ignore'
[1.853s] Level 1:colcon.colcon_core.package_identification:_identify(/home/jlukas/Desktop/My_Project/ldrobot_lidar_ros2/install) ignored
[1.854s] Level 1:colcon.colcon_core.package_identification:_identify(/home/jlukas/Desktop/My_Project/ldrobot_lidar_ros2/log) by extensions ['ignore', 'ignore_ament_install']
[1.854s] Level 1:colcon.colcon_core.package_identification:_identify(/home/jlukas/Desktop/My_Project/ldrobot_lidar_ros2/log) by extension 'ignore'
[1.854s] Level 1:colcon.colcon_core.package_identification:_identify(/home/jlukas/Desktop/My_Project/ldrobot_lidar_ros2/log) ignored
[1.855s] Level 1:colcon.colcon_core.package_identification:_identify(/home/jlukas/Desktop/My_Project/ldrobot_lidar_ros2/src) by extensions ['ignore', 'ignore_ament_install']
[1.855s] Level 1:colcon.colcon_core.package_identification:_identify(/home/jlukas/Desktop/My_Project/ldrobot_lidar_ros2/src) by extension 'ignore'
[1.855s] Level 1:colcon.colcon_core.package_identification:_identify(/home/jlukas/Desktop/My_Project/ldrobot_lidar_ros2/src) by extension 'ignore_ament_install'
[1.855s] Level 1:colcon.colcon_core.package_identification:_identify(/home/jlukas/Desktop/My_Project/ldrobot_lidar_ros2/src) by extensions ['colcon_pkg']
[1.855s] Level 1:colcon.colcon_core.package_identification:_identify(/home/jlukas/Desktop/My_Project/ldrobot_lidar_ros2/src) by extension 'colcon_pkg'
[1.855s] Level 1:colcon.colcon_core.package_identification:_identify(/home/jlukas/Desktop/My_Project/ldrobot_lidar_ros2/src) by extensions ['colcon_meta']
[1.855s] Level 1:colcon.colcon_core.package_identification:_identify(/home/jlukas/Desktop/My_Project/ldrobot_lidar_ros2/src) by extension 'colcon_meta'
[1.855s] Level 1:colcon.colcon_core.package_identification:_identify(/home/jlukas/Desktop/My_Project/ldrobot_lidar_ros2/src) by extensions ['ros']
[1.856s] Level 1:colcon.colcon_core.package_identification:_identify(/home/jlukas/Desktop/My_Project/ldrobot_lidar_ros2/src) by extension 'ros'
[1.856s] Level 1:colcon.colcon_core.package_identification:_identify(/home/jlukas/Desktop/My_Project/ldrobot_lidar_ros2/src) by extensions ['cmake', 'python']
[1.856s] Level 1:colcon.colcon_core.package_identification:_identify(/home/jlukas/Desktop/My_Project/ldrobot_lidar_ros2/src) by extension 'cmake'
[1.856s] Level 1:colcon.colcon_core.package_identification:_identify(/home/jlukas/Desktop/My_Project/ldrobot_lidar_ros2/src) by extension 'python'
[1.856s] Level 1:colcon.colcon_core.package_identification:_identify(/home/jlukas/Desktop/My_Project/ldrobot_lidar_ros2/src) by extensions ['python_setup_py']
[1.856s] Level 1:colcon.colcon_core.package_identification:_identify(/home/jlukas/Desktop/My_Project/ldrobot_lidar_ros2/src) by extension 'python_setup_py'
[1.856s] Level 1:colcon.colcon_core.package_identification:_identify(/home/jlukas/Desktop/My_Project/ldrobot_lidar_ros2/src/ldrobot-lidar-ros2) by extensions ['ignore', 'ignore_ament_install']
[1.857s] Level 1:colcon.colcon_core.package_identification:_identify(/home/jlukas/Desktop/My_Project/ldrobot_lidar_ros2/src/ldrobot-lidar-ros2) by extension 'ignore'
[1.857s] Level 1:colcon.colcon_core.package_identification:_identify(/home/jlukas/Desktop/My_Project/ldrobot_lidar_ros2/src/ldrobot-lidar-ros2) by extension 'ignore_ament_install'
[1.857s] Level 1:colcon.colcon_core.package_identification:_identify(/home/jlukas/Desktop/My_Project/ldrobot_lidar_ros2/src/ldrobot-lidar-ros2) by extensions ['colcon_pkg']
[1.857s] Level 1:colcon.colcon_core.package_identification:_identify(/home/jlukas/Desktop/My_Project/ldrobot_lidar_ros2/src/ldrobot-lidar-ros2) by extension 'colcon_pkg'
[1.857s] Level 1:colcon.colcon_core.package_identification:_identify(/home/jlukas/Desktop/My_Project/ldrobot_lidar_ros2/src/ldrobot-lidar-ros2) by extensions ['colcon_meta']
[1.857s] Level 1:colcon.colcon_core.package_identification:_identify(/home/jlukas/Desktop/My_Project/ldrobot_lidar_ros2/src/ldrobot-lidar-ros2) by extension 'colcon_meta'
[1.858s] Level 1:colcon.colcon_core.package_identification:_identify(/home/jlukas/Desktop/My_Project/ldrobot_lidar_ros2/src/ldrobot-lidar-ros2) by extensions ['ros']
[1.858s] Level 1:colcon.colcon_core.package_identification:_identify(/home/jlukas/Desktop/My_Project/ldrobot_lidar_ros2/src/ldrobot-lidar-ros2) by extension 'ros'
[1.858s] Level 1:colcon.colcon_core.package_identification:_identify(/home/jlukas/Desktop/My_Project/ldrobot_lidar_ros2/src/ldrobot-lidar-ros2) by extensions ['cmake', 'python']
[1.858s] Level 1:colcon.colcon_core.package_identification:_identify(/home/jlukas/Desktop/My_Project/ldrobot_lidar_ros2/src/ldrobot-lidar-ros2) by extension 'cmake'
[1.858s] Level 1:colcon.colcon_core.package_identification:_identify(/home/jlukas/Desktop/My_Project/ldrobot_lidar_ros2/src/ldrobot-lidar-ros2) by extension 'python'
[1.858s] Level 1:colcon.colcon_core.package_identification:_identify(/home/jlukas/Desktop/My_Project/ldrobot_lidar_ros2/src/ldrobot-lidar-ros2) by extensions ['python_setup_py']
[1.858s] Level 1:colcon.colcon_core.package_identification:_identify(/home/jlukas/Desktop/My_Project/ldrobot_lidar_ros2/src/ldrobot-lidar-ros2) by extension 'python_setup_py'
[1.859s] Level 1:colcon.colcon_core.package_identification:_identify(/home/jlukas/Desktop/My_Project/ldrobot_lidar_ros2/src/ldrobot-lidar-ros2/3d_model) by extensions ['ignore', 'ignore_ament_install']
[1.859s] Level 1:colcon.colcon_core.package_identification:_identify(/home/jlukas/Desktop/My_Project/ldrobot_lidar_ros2/src/ldrobot-lidar-ros2/3d_model) by extension 'ignore'
[1.859s] Level 1:colcon.colcon_core.package_identification:_identify(/home/jlukas/Desktop/My_Project/ldrobot_lidar_ros2/src/ldrobot-lidar-ros2/3d_model) by extension 'ignore_ament_install'
[1.868s] Level 1:colcon.colcon_core.package_identification:_identify(/home/jlukas/Desktop/My_Project/ldrobot_lidar_ros2/src/ldrobot-lidar-ros2/3d_model) by extensions ['colcon_pkg']
[1.868s] Level 1:colcon.colcon_core.package_identification:_identify(/home/jlukas/Desktop/My_Project/ldrobot_lidar_ros2/src/ldrobot-lidar-ros2/3d_model) by extension 'colcon_pkg'
[1.868s] Level 1:colcon.colcon_core.package_identification:_identify(/home/jlukas/Desktop/My_Project/ldrobot_lidar_ros2/src/ldrobot-lidar-ros2/3d_model) by extensions ['colcon_meta']
[1.868s] Level 1:colcon.colcon_core.package_identification:_identify(/home/jlukas/Desktop/My_Project/ldrobot_lidar_ros2/src/ldrobot-lidar-ros2/3d_model) by extension 'colcon_meta'
[1.868s] Level 1:colcon.colcon_core.package_identification:_identify(/home/jlukas/Desktop/My_Project/ldrobot_lidar_ros2/src/ldrobot-lidar-ros2/3d_model) by extensions ['ros']
[1.868s] Level 1:colcon.colcon_core.package_identification:_identify(/home/jlukas/Desktop/My_Project/ldrobot_lidar_ros2/src/ldrobot-lidar-ros2/3d_model) by extension 'ros'
[1.869s] Level 1:colcon.colcon_core.package_identification:_identify(/home/jlukas/Desktop/My_Project/ldrobot_lidar_ros2/src/ldrobot-lidar-ros2/3d_model) by extensions ['cmake', 'python']
[1.869s] Level 1:colcon.colcon_core.package_identification:_identify(/home/jlukas/Desktop/My_Project/ldrobot_lidar_ros2/src/ldrobot-lidar-ros2/3d_model) by extension 'cmake'
[1.869s] Level 1:colcon.colcon_core.package_identification:_identify(/home/jlukas/Desktop/My_Project/ldrobot_lidar_ros2/src/ldrobot-lidar-ros2/3d_model) by extension 'python'
[1.869s] Level 1:colcon.colcon_core.package_identification:_identify(/home/jlukas/Desktop/My_Project/ldrobot_lidar_ros2/src/ldrobot-lidar-ros2/3d_model) by extensions ['python_setup_py']
[1.869s] Level 1:colcon.colcon_core.package_identification:_identify(/home/jlukas/Desktop/My_Project/ldrobot_lidar_ros2/src/ldrobot-lidar-ros2/3d_model) by extension 'python_setup_py'
[1.869s] Level 1:colcon.colcon_core.package_identification:_identify(/home/jlukas/Desktop/My_Project/ldrobot_lidar_ros2/src/ldrobot-lidar-ros2/docs) by extensions ['ignore', 'ignore_ament_install']
[1.869s] Level 1:colcon.colcon_core.package_identification:_identify(/home/jlukas/Desktop/My_Project/ldrobot_lidar_ros2/src/ldrobot-lidar-ros2/docs) by extension 'ignore'
[1.870s] Level 1:colcon.colcon_core.package_identification:_identify(/home/jlukas/Desktop/My_Project/ldrobot_lidar_ros2/src/ldrobot-lidar-ros2/docs) by extension 'ignore_ament_install'
[1.872s] Level 1:colcon.colcon_core.package_identification:_identify(/home/jlukas/Desktop/My_Project/ldrobot_lidar_ros2/src/ldrobot-lidar-ros2/docs) by extensions ['colcon_pkg']
[1.872s] Level 1:colcon.colcon_core.package_identification:_identify(/home/jlukas/Desktop/My_Project/ldrobot_lidar_ros2/src/ldrobot-lidar-ros2/docs) by extension 'colcon_pkg'
[1.872s] Level 1:colcon.colcon_core.package_identification:_identify(/home/jlukas/Desktop/My_Project/ldrobot_lidar_ros2/src/ldrobot-lidar-ros2/docs) by extensions ['colcon_meta']
[1.872s] Level 1:colcon.colcon_core.package_identification:_identify(/home/jlukas/Desktop/My_Project/ldrobot_lidar_ros2/src/ldrobot-lidar-ros2/docs) by extension 'colcon_meta'
[1.872s] Level 1:colcon.colcon_core.package_identification:_identify(/home/jlukas/Desktop/My_Project/ldrobot_lidar_ros2/src/ldrobot-lidar-ros2/docs) by extensions ['ros']
[1.872s] Level 1:colcon.colcon_core.package_identification:_identify(/home/jlukas/Desktop/My_Project/ldrobot_lidar_ros2/src/ldrobot-lidar-ros2/docs) by extension 'ros'
[1.878s] Level 1:colcon.colcon_core.package_identification:_identify(/home/jlukas/Desktop/My_Project/ldrobot_lidar_ros2/src/ldrobot-lidar-ros2/docs) by extensions ['cmake', 'python']
[1.878s] Level 1:colcon.colcon_core.package_identification:_identify(/home/jlukas/Desktop/My_Project/ldrobot_lidar_ros2/src/ldrobot-lidar-ros2/docs) by extension 'cmake'
[1.878s] Level 1:colcon.colcon_core.package_identification:_identify(/home/jlukas/Desktop/My_Project/ldrobot_lidar_ros2/src/ldrobot-lidar-ros2/docs) by extension 'python'
[1.878s] Level 1:colcon.colcon_core.package_identification:_identify(/home/jlukas/Desktop/My_Project/ldrobot_lidar_ros2/src/ldrobot-lidar-ros2/docs) by extensions ['python_setup_py']
[1.878s] Level 1:colcon.colcon_core.package_identification:_identify(/home/jlukas/Desktop/My_Project/ldrobot_lidar_ros2/src/ldrobot-lidar-ros2/docs) by extension 'python_setup_py'
[1.878s] Level 1:colcon.colcon_core.package_identification:_identify(/home/jlukas/Desktop/My_Project/ldrobot_lidar_ros2/src/ldrobot-lidar-ros2/images) by extensions ['ignore', 'ignore_ament_install']
[1.879s] Level 1:colcon.colcon_core.package_identification:_identify(/home/jlukas/Desktop/My_Project/ldrobot_lidar_ros2/src/ldrobot-lidar-ros2/images) by extension 'ignore'
[1.879s] Level 1:colcon.colcon_core.package_identification:_identify(/home/jlukas/Desktop/My_Project/ldrobot_lidar_ros2/src/ldrobot-lidar-ros2/images) by extension 'ignore_ament_install'
[1.879s] Level 1:colcon.colcon_core.package_identification:_identify(/home/jlukas/Desktop/My_Project/ldrobot_lidar_ros2/src/ldrobot-lidar-ros2/images) by extensions ['colcon_pkg']
[1.879s] Level 1:colcon.colcon_core.package_identification:_identify(/home/jlukas/Desktop/My_Project/ldrobot_lidar_ros2/src/ldrobot-lidar-ros2/images) by extension 'colcon_pkg'
[1.879s] Level 1:colcon.colcon_core.package_identification:_identify(/home/jlukas/Desktop/My_Project/ldrobot_lidar_ros2/src/ldrobot-lidar-ros2/images) by extensions ['colcon_meta']
[1.879s] Level 1:colcon.colcon_core.package_identification:_identify(/home/jlukas/Desktop/My_Project/ldrobot_lidar_ros2/src/ldrobot-lidar-ros2/images) by extension 'colcon_meta'
[1.880s] Level 1:colcon.colcon_core.package_identification:_identify(/home/jlukas/Desktop/My_Project/ldrobot_lidar_ros2/src/ldrobot-lidar-ros2/images) by extensions ['ros']
[1.880s] Level 1:colcon.colcon_core.package_identification:_identify(/home/jlukas/Desktop/My_Project/ldrobot_lidar_ros2/src/ldrobot-lidar-ros2/images) by extension 'ros'
[1.880s] Level 1:colcon.colcon_core.package_identification:_identify(/home/jlukas/Desktop/My_Project/ldrobot_lidar_ros2/src/ldrobot-lidar-ros2/images) by extensions ['cmake', 'python']
[1.880s] Level 1:colcon.colcon_core.package_identification:_identify(/home/jlukas/Desktop/My_Project/ldrobot_lidar_ros2/src/ldrobot-lidar-ros2/images) by extension 'cmake'
[1.880s] Level 1:colcon.colcon_core.package_identification:_identify(/home/jlukas/Desktop/My_Project/ldrobot_lidar_ros2/src/ldrobot-lidar-ros2/images) by extension 'python'
[1.880s] Level 1:colcon.colcon_core.package_identification:_identify(/home/jlukas/Desktop/My_Project/ldrobot_lidar_ros2/src/ldrobot-lidar-ros2/images) by extensions ['python_setup_py']
[1.880s] Level 1:colcon.colcon_core.package_identification:_identify(/home/jlukas/Desktop/My_Project/ldrobot_lidar_ros2/src/ldrobot-lidar-ros2/images) by extension 'python_setup_py'
[1.881s] Level 1:colcon.colcon_core.package_identification:_identify(/home/jlukas/Desktop/My_Project/ldrobot_lidar_ros2/src/ldrobot-lidar-ros2/ldlidar) by extensions ['ignore', 'ignore_ament_install']
[1.881s] Level 1:colcon.colcon_core.package_identification:_identify(/home/jlukas/Desktop/My_Project/ldrobot_lidar_ros2/src/ldrobot-lidar-ros2/ldlidar) by extension 'ignore'
[1.881s] Level 1:colcon.colcon_core.package_identification:_identify(/home/jlukas/Desktop/My_Project/ldrobot_lidar_ros2/src/ldrobot-lidar-ros2/ldlidar) by extension 'ignore_ament_install'
[1.881s] Level 1:colcon.colcon_core.package_identification:_identify(/home/jlukas/Desktop/My_Project/ldrobot_lidar_ros2/src/ldrobot-lidar-ros2/ldlidar) by extensions ['colcon_pkg']
[1.881s] Level 1:colcon.colcon_core.package_identification:_identify(/home/jlukas/Desktop/My_Project/ldrobot_lidar_ros2/src/ldrobot-lidar-ros2/ldlidar) by extension 'colcon_pkg'
[1.881s] Level 1:colcon.colcon_core.package_identification:_identify(/home/jlukas/Desktop/My_Project/ldrobot_lidar_ros2/src/ldrobot-lidar-ros2/ldlidar) by extensions ['colcon_meta']
[1.881s] Level 1:colcon.colcon_core.package_identification:_identify(/home/jlukas/Desktop/My_Project/ldrobot_lidar_ros2/src/ldrobot-lidar-ros2/ldlidar) by extension 'colcon_meta'
[1.882s] Level 1:colcon.colcon_core.package_identification:_identify(/home/jlukas/Desktop/My_Project/ldrobot_lidar_ros2/src/ldrobot-lidar-ros2/ldlidar) by extensions ['ros']
[1.882s] Level 1:colcon.colcon_core.package_identification:_identify(/home/jlukas/Desktop/My_Project/ldrobot_lidar_ros2/src/ldrobot-lidar-ros2/ldlidar) by extension 'ros'
[1.890s] DEBUG:colcon.colcon_core.package_identification:Package '/home/jlukas/Desktop/My_Project/ldrobot_lidar_ros2/src/ldrobot-lidar-ros2/ldlidar' with type 'ros.ament_cmake' and name 'ldlidar'
[1.892s] Level 1:colcon.colcon_core.package_identification:_identify(/home/jlukas/Desktop/My_Project/ldrobot_lidar_ros2/src/ldrobot-lidar-ros2/ldlidar_component) by extensions ['ignore', 'ignore_ament_install']
[1.893s] Level 1:colcon.colcon_core.package_identification:_identify(/home/jlukas/Desktop/My_Project/ldrobot_lidar_ros2/src/ldrobot-lidar-ros2/ldlidar_component) by extension 'ignore'
[1.893s] Level 1:colcon.colcon_core.package_identification:_identify(/home/jlukas/Desktop/My_Project/ldrobot_lidar_ros2/src/ldrobot-lidar-ros2/ldlidar_component) by extension 'ignore_ament_install'
[1.893s] Level 1:colcon.colcon_core.package_identification:_identify(/home/jlukas/Desktop/My_Project/ldrobot_lidar_ros2/src/ldrobot-lidar-ros2/ldlidar_component) by extensions ['colcon_pkg']
[1.894s] Level 1:colcon.colcon_core.package_identification:_identify(/home/jlukas/Desktop/My_Project/ldrobot_lidar_ros2/src/ldrobot-lidar-ros2/ldlidar_component) by extension 'colcon_pkg'
[1.894s] Level 1:colcon.colcon_core.package_identification:_identify(/home/jlukas/Desktop/My_Project/ldrobot_lidar_ros2/src/ldrobot-lidar-ros2/ldlidar_component) by extensions ['colcon_meta']
[1.894s] Level 1:colcon.colcon_core.package_identification:_identify(/home/jlukas/Desktop/My_Project/ldrobot_lidar_ros2/src/ldrobot-lidar-ros2/ldlidar_component) by extension 'colcon_meta'
[1.896s] Level 1:colcon.colcon_core.package_identification:_identify(/home/jlukas/Desktop/My_Project/ldrobot_lidar_ros2/src/ldrobot-lidar-ros2/ldlidar_component) by extensions ['ros']
[1.896s] Level 1:colcon.colcon_core.package_identification:_identify(/home/jlukas/Desktop/My_Project/ldrobot_lidar_ros2/src/ldrobot-lidar-ros2/ldlidar_component) by extension 'ros'
[1.901s] DEBUG:colcon.colcon_core.package_identification:Package '/home/jlukas/Desktop/My_Project/ldrobot_lidar_ros2/src/ldrobot-lidar-ros2/ldlidar_component' with type 'ros.ament_cmake' and name 'ldlidar_component'
[1.902s] Level 1:colcon.colcon_core.package_identification:_identify(/home/jlukas/Desktop/My_Project/ldrobot_lidar_ros2/src/ldrobot-lidar-ros2/ldlidar_node) by extensions ['ignore', 'ignore_ament_install']
[1.902s] Level 1:colcon.colcon_core.package_identification:_identify(/home/jlukas/Desktop/My_Project/ldrobot_lidar_ros2/src/ldrobot-lidar-ros2/ldlidar_node) by extension 'ignore'
[1.902s] Level 1:colcon.colcon_core.package_identification:_identify(/home/jlukas/Desktop/My_Project/ldrobot_lidar_ros2/src/ldrobot-lidar-ros2/ldlidar_node) by extension 'ignore_ament_install'
[1.902s] Level 1:colcon.colcon_core.package_identification:_identify(/home/jlukas/Desktop/My_Project/ldrobot_lidar_ros2/src/ldrobot-lidar-ros2/ldlidar_node) by extensions ['colcon_pkg']
[1.902s] Level 1:colcon.colcon_core.package_identification:_identify(/home/jlukas/Desktop/My_Project/ldrobot_lidar_ros2/src/ldrobot-lidar-ros2/ldlidar_node) by extension 'colcon_pkg'
[1.902s] Level 1:colcon.colcon_core.package_identification:_identify(/home/jlukas/Desktop/My_Project/ldrobot_lidar_ros2/src/ldrobot-lidar-ros2/ldlidar_node) by extensions ['colcon_meta']
[1.902s] Level 1:colcon.colcon_core.package_identification:_identify(/home/jlukas/Desktop/My_Project/ldrobot_lidar_ros2/src/ldrobot-lidar-ros2/ldlidar_node) by extension 'colcon_meta'
[1.903s] Level 1:colcon.colcon_core.package_identification:_identify(/home/jlukas/Desktop/My_Project/ldrobot_lidar_ros2/src/ldrobot-lidar-ros2/ldlidar_node) by extensions ['ros']
[1.903s] Level 1:colcon.colcon_core.package_identification:_identify(/home/jlukas/Desktop/My_Project/ldrobot_lidar_ros2/src/ldrobot-lidar-ros2/ldlidar_node) by extension 'ros'
[2.004s] DEBUG:colcon.colcon_core.package_identification:Package '/home/jlukas/Desktop/My_Project/ldrobot_lidar_ros2/src/ldrobot-lidar-ros2/ldlidar_node' with type 'ros.ament_cmake' and name 'ldlidar_node'
[2.005s] Level 1:colcon.colcon_core.package_identification:_identify(/home/jlukas/Desktop/My_Project/ldrobot_lidar_ros2/src/ldrobot-lidar-ros2/rules) by extensions ['ignore', 'ignore_ament_install']
[2.005s] Level 1:colcon.colcon_core.package_identification:_identify(/home/jlukas/Desktop/My_Project/ldrobot_lidar_ros2/src/ldrobot-lidar-ros2/rules) by extension 'ignore'
[2.005s] Level 1:colcon.colcon_core.package_identification:_identify(/home/jlukas/Desktop/My_Project/ldrobot_lidar_ros2/src/ldrobot-lidar-ros2/rules) by extension 'ignore_ament_install'
[2.006s] Level 1:colcon.colcon_core.package_identification:_identify(/home/jlukas/Desktop/My_Project/ldrobot_lidar_ros2/src/ldrobot-lidar-ros2/rules) by extensions ['colcon_pkg']
[2.006s] Level 1:colcon.colcon_core.package_identification:_identify(/home/jlukas/Desktop/My_Project/ldrobot_lidar_ros2/src/ldrobot-lidar-ros2/rules) by extension 'colcon_pkg'
[2.006s] Level 1:colcon.colcon_core.package_identification:_identify(/home/jlukas/Desktop/My_Project/ldrobot_lidar_ros2/src/ldrobot-lidar-ros2/rules) by extensions ['colcon_meta']
[2.006s] Level 1:colcon.colcon_core.package_identification:_identify(/home/jlukas/Desktop/My_Project/ldrobot_lidar_ros2/src/ldrobot-lidar-ros2/rules) by extension 'colcon_meta'
[2.006s] Level 1:colcon.colcon_core.package_identification:_identify(/home/jlukas/Desktop/My_Project/ldrobot_lidar_ros2/src/ldrobot-lidar-ros2/rules) by extensions ['ros']
[2.058s] Level 1:colcon.colcon_core.package_identification:_identify(/home/jlukas/Desktop/My_Project/ldrobot_lidar_ros2/src/ldrobot-lidar-ros2/rules) by extension 'ros'
[2.059s] Level 1:colcon.colcon_core.package_identification:_identify(/home/jlukas/Desktop/My_Project/ldrobot_lidar_ros2/src/ldrobot-lidar-ros2/rules) by extensions ['cmake', 'python']
[2.059s] Level 1:colcon.colcon_core.package_identification:_identify(/home/jlukas/Desktop/My_Project/ldrobot_lidar_ros2/src/ldrobot-lidar-ros2/rules) by extension 'cmake'
[2.059s] Level 1:colcon.colcon_core.package_identification:_identify(/home/jlukas/Desktop/My_Project/ldrobot_lidar_ros2/src/ldrobot-lidar-ros2/rules) by extension 'python'
[2.059s] Level 1:colcon.colcon_core.package_identification:_identify(/home/jlukas/Desktop/My_Project/ldrobot_lidar_ros2/src/ldrobot-lidar-ros2/rules) by extensions ['python_setup_py']
[2.059s] Level 1:colcon.colcon_core.package_identification:_identify(/home/jlukas/Desktop/My_Project/ldrobot_lidar_ros2/src/ldrobot-lidar-ros2/rules) by extension 'python_setup_py'
[2.060s] Level 1:colcon.colcon_core.package_identification:_identify(/home/jlukas/Desktop/My_Project/ldrobot_lidar_ros2/src/ldrobot-lidar-ros2/scripts) by extensions ['ignore', 'ignore_ament_install']
[2.060s] Level 1:colcon.colcon_core.package_identification:_identify(/home/jlukas/Desktop/My_Project/ldrobot_lidar_ros2/src/ldrobot-lidar-ros2/scripts) by extension 'ignore'
[2.060s] Level 1:colcon.colcon_core.package_identification:_identify(/home/jlukas/Desktop/My_Project/ldrobot_lidar_ros2/src/ldrobot-lidar-ros2/scripts) by extension 'ignore_ament_install'
[2.060s] Level 1:colcon.colcon_core.package_identification:_identify(/home/jlukas/Desktop/My_Project/ldrobot_lidar_ros2/src/ldrobot-lidar-ros2/scripts) by extensions ['colcon_pkg']
[2.060s] Level 1:colcon.colcon_core.package_identification:_identify(/home/jlukas/Desktop/My_Project/ldrobot_lidar_ros2/src/ldrobot-lidar-ros2/scripts) by extension 'colcon_pkg'
[2.061s] Level 1:colcon.colcon_core.package_identification:_identify(/home/jlukas/Desktop/My_Project/ldrobot_lidar_ros2/src/ldrobot-lidar-ros2/scripts) by extensions ['colcon_meta']
[2.061s] Level 1:colcon.colcon_core.package_identification:_identify(/home/jlukas/Desktop/My_Project/ldrobot_lidar_ros2/src/ldrobot-lidar-ros2/scripts) by extension 'colcon_meta'
[2.061s] Level 1:colcon.colcon_core.package_identification:_identify(/home/jlukas/Desktop/My_Project/ldrobot_lidar_ros2/src/ldrobot-lidar-ros2/scripts) by extensions ['ros']
[2.061s] Level 1:colcon.colcon_core.package_identification:_identify(/home/jlukas/Desktop/My_Project/ldrobot_lidar_ros2/src/ldrobot-lidar-ros2/scripts) by extension 'ros'
[2.061s] Level 1:colcon.colcon_core.package_identification:_identify(/home/jlukas/Desktop/My_Project/ldrobot_lidar_ros2/src/ldrobot-lidar-ros2/scripts) by extensions ['cmake', 'python']
[2.068s] Level 1:colcon.colcon_core.package_identification:_identify(/home/jlukas/Desktop/My_Project/ldrobot_lidar_ros2/src/ldrobot-lidar-ros2/scripts) by extension 'cmake'
[2.068s] Level 1:colcon.colcon_core.package_identification:_identify(/home/jlukas/Desktop/My_Project/ldrobot_lidar_ros2/src/ldrobot-lidar-ros2/scripts) by extension 'python'
[2.069s] Level 1:colcon.colcon_core.package_identification:_identify(/home/jlukas/Desktop/My_Project/ldrobot_lidar_ros2/src/ldrobot-lidar-ros2/scripts) by extensions ['python_setup_py']
[2.069s] Level 1:colcon.colcon_core.package_identification:_identify(/home/jlukas/Desktop/My_Project/ldrobot_lidar_ros2/src/ldrobot-lidar-ros2/scripts) by extension 'python_setup_py'
[2.069s] Level 1:colcon.colcon_core.package_discovery:discover_packages(recursive) using defaults
